Arguments: 
  /data/data/com.termux/files/usr/bin/node /data/data/com.termux/files/usr/share/yarn/bin/yarn.js install

PATH: 
  /data/data/com.termux/files/usr/bin

Yarn version: 
  1.22.19

Node version: 
  21.6.2

Platform: 
  android arm

Trace: 
  Error: read ECONNABORTED
      at TLSWrap.onStreamRead (node:internal/stream_base_commons:217:20)

npm manifest: 
  {
    "name": "itoolsai",
    "version": "1.0.0",
    "description": "Itoolsai backend project",
    "main": "src/server.js",
    "type": "module",
    "scripts": {
      "dev": "nodemon src/server.js"
    },
    "author": "",
    "license": "ISC",
    "dependencies": {
      "@ffmpeg-installer/ffmpeg": "^1.1.0",
      "axios": "^1.6.3",
      "bcryptjs": "^2.4.3",
      "cloudinary": "^2.0.1",
      "compression": "^1.7.4",
      "connect-timeout": "^1.9.0",
      "cors": "^2.8.5",
      "dotenv": "^16.3.1",
      "express": "^4.18.2",
      "fluent-ffmpeg": "^2.1.2",
      "helmet": "^7.0.0",
      "joi": "^17.11.0",
      "jsonwebtoken": "^9.0.2",
      "mongoose": "^7.5.2",
      "morgan": "^1.10.0",
      "multer": "^1.4.5-lts.1",
      "request": "^2.88.2",
      "winston": "^3.10.0"
    }
  }

yarn manifest: 
  No manifest

Lockfile: 
  No lockfile
